#
# There is insufficient memory for the Java Runtime Environment to continue.
# Native memory allocation (malloc) failed to allocate 1097296 bytes. Error detail: Chunk::new
# Possible reasons:
#   The system is out of physical RAM or swap space
#   This process is running with CompressedOops enabled, and the Java Heap may be blocking the growth of the native heap
# Possible solutions:
#   Reduce memory load on the system
#   Increase physical memory or swap space
#   Check if swap backing store is full
#   Decrease Java heap size (-Xmx/-Xms)
#   Decrease number of Java threads
#   Decrease Java thread stack sizes (-Xss)
#   Set larger code cache with -XX:ReservedCodeCacheSize=
#   JVM is running with Unscaled Compressed Oops mode in which the Java heap is
#     placed in the first 4GB address space. The Java Heap base address is the
#     maximum limit for the native heap growth. Please use -XX:HeapBaseMinAddress
#     to set the Java Heap base and to place the Java Heap above 4GB virtual address.
# This output file may be truncated or incomplete.
#
#  Out of Memory Error (arena.cpp:168), pid=38024, tid=28740
#
# JRE version: OpenJDK Runtime Environment Temurin-21.0.11+10 (21.0.11+10) (build 21.0.11+10-LTS)
# Java VM: OpenJDK 64-Bit Server VM Temurin-21.0.11+10 (21.0.11+10-LTS, mixed mode, sharing, tiered, compressed oops, compressed class ptrs, parallel gc, windows-amd64)
# No core dump will be written. Minidumps are not enabled by default on client versions of Windows
#

---------------  S U M M A R Y ------------

Command Line: --add-modules=ALL-SYSTEM --add-opens=java.base/java.util=ALL-UNNAMED --add-opens=java.base/java.lang=ALL-UNNAMED --add-opens=java.base/sun.nio.fs=ALL-UNNAMED -Declipse.application=org.eclipse.jdt.ls.core.id1 -Dosgi.bundles.defaultStartLevel=4 -Declipse.product=org.eclipse.jdt.ls.core.product -Djava.import.generatesMetadataFilesAtProjectRoot=false -DDetectVMInstallationsJob.disabled=true -Dfile.encoding=utf8 -XX:+UseParallelGC -XX:GCTimeRatio=4 -XX:AdaptiveSizePolicyWeight=90 -Dsun.zip.disableMemoryMapping=true -Xmx2G -Xms100m -Xlog:disable -javaagent:c:\Users\ASUS\.antigravity-ide\extensions\redhat.java-1.55.0-win32-x64\lombok\lombok-1.18.39-4050.jar c:\Users\ASUS\.antigravity-ide\extensions\redhat.java-1.55.0-win32-x64\server\plugins\org.eclipse.equinox.launcher_1.7.200.v20260619-2039.jar -configuration c:\Users\ASUS\AppData\Roaming\Antigravity IDE\User\globalStorage\redhat.java\1.55.0\config_ss_win -data c:\Users\ASUS\AppData\Roaming\Antigravity IDE\User\workspaceStorage\3610b81425739c90d7ccad5d90ea23d0\redhat.java\ss_ws --pipe=\\.\pipe\lsp-b1ea63e8029556215edcbde8cb1115f1-sock

Host: AMD Ryzen 7 7435HS                             , 16 cores, 7G,  Windows 11 , 64 bit Build 26100 (10.0.26100.8521)
Time: Mon Jun 29 01:24:43 2026 SE Asia Standard Time elapsed time: 14.210378 seconds (0d 0h 0m 14s)

---------------  T H R E A D  ---------------

Current thread (0x00000229a11da650):  JavaThread "C2 CompilerThread0" daemon [_thread_in_native, id=28740, stack(0x000000d90cd00000,0x000000d90ce00000) (1024K)]


Current CompileTask:
C2:14210 2696       4       org.lombokweb.asm.ClassReader::readMethod (1070 bytes)

Stack: [0x000000d90cd00000,0x000000d90ce00000]
Native frames: (J=compiled Java code, j=interpreted, Vv=VM code, C=native code)
V  [jvm.dll+0x6d7e19]
V  [jvm.dll+0x8b5096]
V  [jvm.dll+0x8b764e]
V  [jvm.dll+0x8b7d33]
V  [jvm.dll+0x284596]
V  [jvm.dll+0xc685d]
V  [jvm.dll+0xc6da1]
V  [jvm.dll+0x3bed31]
V  [jvm.dll+0x38b2b2]
V  [jvm.dll+0x38a6fa]
V  [jvm.dll+0x24c700]
V  [jvm.dll+0x24bce0]
V  [jvm.dll+0x1cb4ae]
V  [jvm.dll+0x25baad]
V  [jvm.dll+0x25a03a]
V  [jvm.dll+0x3f868e]
V  [jvm.dll+0x85fb0d]
V  [jvm.dll+0x6d664d]
C  [ucrtbase.dll+0x2cd30]
C  [KERNEL32.DLL+0x2e957]
C  [ntdll.dll+0x87c1c]


---------------  P R O C E S S  ---------------

Threads class SMR info:
_java_thread_list=0x0000022984a25ed0, length=22, elements={
0x00000229a111f330, 0x00000229a11c6400, 0x00000229b7bcda50, 0x00000229a11c8560,
0x00000229a11c8fc0, 0x00000229a11cbdd0, 0x00000229a11d2be0, 0x00000229a11da650,
0x00000229fa087020, 0x00000229fa29c660, 0x0000022984021db0, 0x00000229845f7ef0,
0x00000229849a6130, 0x00000229849a6fc0, 0x0000022984631ba0, 0x0000022984b2f490,
0x0000022984be8020, 0x00000229842ce430, 0x0000022984da4490, 0x0000022984a9ffc0,
0x00000229849e8f80, 0x0000022985172fa0
}

Java Threads: ( => current thread )
  0x00000229a111f330 JavaThread "main"                              [_thread_blocked, id=29892, stack(0x000000d90c300000,0x000000d90c400000) (1024K)]
  0x00000229a11c6400 JavaThread "Reference Handler"          daemon [_thread_blocked, id=32256, stack(0x000000d90c700000,0x000000d90c800000) (1024K)]
  0x00000229b7bcda50 JavaThread "Finalizer"                  daemon [_thread_blocked, id=14064, stack(0x000000d90c800000,0x000000d90c900000) (1024K)]
  0x00000229a11c8560 JavaThread "Signal Dispatcher"          daemon [_thread_blocked, id=33632, stack(0x000000d90c900000,0x000000d90ca00000) (1024K)]
  0x00000229a11c8fc0 JavaThread "Attach Listener"            daemon [_thread_blocked, id=35204, stack(0x000000d90ca00000,0x000000d90cb00000) (1024K)]
  0x00000229a11cbdd0 JavaThread "Service Thread"             daemon [_thread_blocked, id=34912, stack(0x000000d90cb00000,0x000000d90cc00000) (1024K)]
  0x00000229a11d2be0 JavaThread "Monitor Deflation Thread"   daemon [_thread_blocked, id=36352, stack(0x000000d90cc00000,0x000000d90cd00000) (1024K)]
=>0x00000229a11da650 JavaThread "C2 CompilerThread0"         daemon [_thread_in_native, id=28740, stack(0x000000d90cd00000,0x000000d90ce00000) (1024K)]
  0x00000229fa087020 JavaThread "C1 CompilerThread0"         daemon [_thread_blocked, id=29140, stack(0x000000d90ce00000,0x000000d90cf00000) (1024K)]
  0x00000229fa29c660 JavaThread "Common-Cleaner"             daemon [_thread_blocked, id=36504, stack(0x000000d90d100000,0x000000d90d200000) (1024K)]
  0x0000022984021db0 JavaThread "Notification Thread"        daemon [_thread_blocked, id=3524, stack(0x000000d90d200000,0x000000d90d300000) (1024K)]
  0x00000229845f7ef0 JavaThread "Active Thread: Equinox Container: 44bc6ee7-4a82-42de-b99f-a1b007cf995c"        [_thread_blocked, id=38892, stack(0x000000d90d900000,0x000000d90da00000) (1024K)]
  0x00000229849a6130 JavaThread "Framework Event Dispatcher: Equinox Container: 44bc6ee7-4a82-42de-b99f-a1b007cf995c" daemon [_thread_blocked, id=25864, stack(0x000000d90db00000,0x000000d90dc00000) (1024K)]
  0x00000229849a6fc0 JavaThread "Start Level: Equinox Container: 44bc6ee7-4a82-42de-b99f-a1b007cf995c" daemon [_thread_blocked, id=7988, stack(0x000000d90dc00000,0x000000d90dd00000) (1024K)]
  0x0000022984631ba0 JavaThread "SCR Component Actor"        daemon [_thread_blocked, id=30200, stack(0x000000d90dd00000,0x000000d90de00000) (1024K)]
  0x0000022984b2f490 JavaThread "Worker-JM"                         [_thread_blocked, id=4312, stack(0x000000d90de00000,0x000000d90df00000) (1024K)]
  0x0000022984be8020 JavaThread "Worker-0"                          [_thread_blocked, id=22644, stack(0x000000d90d000000,0x000000d90d100000) (1024K)]
  0x00000229842ce430 JavaThread "Worker-1"                          [_thread_blocked, id=17584, stack(0x000000d90e100000,0x000000d90e200000) (1024K)]
  0x0000022984da4490 JavaThread "C2 CompilerThread1"         daemon [_thread_in_native, id=36088, stack(0x000000d90e200000,0x000000d90e300000) (1024K)]
  0x0000022984a9ffc0 JavaThread "Java indexing"              daemon [_thread_blocked, id=32400, stack(0x000000d90e700000,0x000000d90e800000) (1024K)]
  0x00000229849e8f80 JavaThread "C1 CompilerThread1"         daemon [_thread_blocked, id=25756, stack(0x000000d90cf00000,0x000000d90d000000) (1024K)]
  0x0000022985172fa0 JavaThread "C1 CompilerThread2"         daemon [_thread_blocked, id=29784, stack(0x000000d90e600000,0x000000d90e700000) (1024K)]
Total: 22

Other Threads:
  0x00000229b7bb2370 VMThread "VM Thread"                           [id=14532, stack(0x000000d90c600000,0x000000d90c700000) (1024K)]
  0x00000229a1191c40 WatcherThread "VM Periodic Task Thread"        [id=35168, stack(0x000000d90c500000,0x000000d90c600000) (1024K)]
  0x00000229a113db70 WorkerThread "GC Thread#0"                     [id=36656, stack(0x000000d90c400000,0x000000d90c500000) (1024K)]
  0x000002298402ed80 WorkerThread "GC Thread#1"                     [id=32700, stack(0x000000d90d300000,0x000000d90d400000) (1024K)]
  0x000002298402c240 WorkerThread "GC Thread#2"                     [id=38188, stack(0x000000d90d400000,0x000000d90d500000) (1024K)]
  0x0000022984151300 WorkerThread "GC Thread#3"                     [id=38484, stack(0x000000d90d500000,0x000000d90d600000) (1024K)]
  0x00000229841516b0 WorkerThread "GC Thread#4"                     [id=3192, stack(0x000000d90d600000,0x000000d90d700000) (1024K)]
  0x0000022984033320 WorkerThread "GC Thread#5"                     [id=38540, stack(0x000000d90d700000,0x000000d90d800000) (1024K)]
  0x000002298414ddb0 WorkerThread "GC Thread#6"                     [id=32728, stack(0x000000d90d800000,0x000000d90d900000) (1024K)]
  0x00000229845d9650 WorkerThread "GC Thread#7"                     [id=13440, stack(0x000000d90da00000,0x000000d90db00000) (1024K)]
  0x00000229845d83e0 WorkerThread "GC Thread#8"                     [id=38872, stack(0x000000d90df00000,0x000000d90e000000) (1024K)]
  0x00000229845d8b40 WorkerThread "GC Thread#9"                     [id=35440, stack(0x000000d90e000000,0x000000d90e100000) (1024K)]
  0x00000229845d8790 WorkerThread "GC Thread#10"                    [id=38264, stack(0x000000d90e300000,0x000000d90e400000) (1024K)]
  0x00000229845d92a0 WorkerThread "GC Thread#11"                    [id=11868, stack(0x000000d90e400000,0x000000d90e500000) (1024K)]
  0x00000229845d7c80 WorkerThread "GC Thread#12"                    [id=38444, stack(0x000000d90e500000,0x000000d90e600000) (1024K)]
Total: 15

Threads with active compile tasks:
C2 CompilerThread0  15241 2696       4       org.lombokweb.asm.ClassReader::readMethod (1070 bytes)
C2 CompilerThread1  15241 2720       4       org.lombokweb.asm.MethodWriter::<init> (232 bytes)
Total: 2

VM state: not at safepoint (normal execution)

VM Mutex/Monitor currently owned by a thread: None

Heap address: 0x0000000080000000, size: 2048 MB, Compressed Oops mode: 32-bit

CDS archive(s) mapped at: [0x00000229b8000000-0x00000229b8ba0000-0x00000229b8ba0000), size 12189696, SharedBaseAddress: 0x00000229b8000000, ArchiveRelocationMode: 1.
Compressed class space mapped at: 0x00000229b9000000-0x00000229f9000000, reserved size: 1073741824
Narrow klass base: 0x00000229b8000000, Narrow klass shift: 0, Narrow klass range: 0x100000000

GC Precious Log:
 CardTable entry size: 512
 CPUs: 16 total, 16 available
 Memory: 8010M
 Large Page Support: Disabled
 NUMA Support: Disabled
 Compressed Oops: Enabled (32-bit)
 Alignments: Space 512K, Generation 512K, Heap 2M
 Heap Min Capacity: 100M
 Heap Initial Capacity: 100M
 Heap Max Capacity: 2G
 Pre-touch: Disabled
 Parallel Workers: 13

Heap:
 PSYoungGen      total 31232K, used 7002K [0x00000000d5580000, 0x00000000d7a00000, 0x0000000100000000)
  eden space 25088K, 27% used [0x00000000d5580000,0x00000000d5c56b20,0x00000000d6e00000)
  from space 6144K, 0% used [0x00000000d7400000,0x00000000d7400000,0x00000000d7a00000)
  to   space 4096K, 0% used [0x00000000d6e80000,0x00000000d6e80000,0x00000000d7280000)
 ParOldGen       total 68608K, used 9915K [0x0000000080000000, 0x0000000084300000, 0x00000000d5580000)
  object space 68608K, 14% used [0x0000000080000000,0x00000000809aec20,0x0000000084300000)
 Metaspace       used 21671K, committed 22272K, reserved 1114112K
  class space    used 2080K, committed 2368K, reserved 1048576K

Card table byte_map: [0x00000229a0ac0000,0x00000229a0ed0000] _byte_map_base: 0x00000229a06c0000

Marking Bits: (ParMarkBitMap*) 0x00007ffe72fa4460
 Begin Bits: [0x00000229b35d0000, 0x00000229b55d0000)
 End Bits:   [0x00000229b55d0000, 0x00000229b75d0000)

Polling page: 0x000002299f380000

Metaspace:

Usage:
  Non-class:     19.13 MB used.
      Class:      2.03 MB used.
       Both:     21.16 MB used.

Virtual space:
  Non-class space:       64.00 MB reserved,      19.44 MB ( 30%) committed,  1 nodes.
      Class space:        1.00 GB reserved,       2.31 MB ( <1%) committed,  1 nodes.
             Both:        1.06 GB reserved,      21.75 MB (  2%) committed. 

Chunk freelists:
   Non-Class:  12.26 MB
       Class:  13.54 MB
        Both:  25.80 MB

MaxMetaspaceSize: unlimited
CompressedClassSpaceSize: 1.00 GB
Initial GC threshold: 21.00 MB
Current GC threshold: 35.00 MB
CDS: on
 - commit_granule_bytes: 65536.
 - commit_granule_words: 8192.
 - virtual_space_node_default_size: 8388608.
 - enlarge_chunks_in_place: 1.
 - use_allocation_guard: 0.


Internal statistics:

num_allocs_failed_limit: 3.
num_arena_births: 470.
num_arena_deaths: 14.
num_vsnodes_births: 2.
num_vsnodes_deaths: 0.
num_space_committed: 348.
num_space_uncommitted: 0.
num_chunks_returned_to_freelist: 17.
num_chunks_taken_from_freelist: 1274.
num_chunk_merges: 9.
num_chunk_splits: 835.
num_chunks_enlarged: 545.
num_inconsistent_stats: 0.

CodeHeap 'non-profiled nmethods': size=119168Kb used=1154Kb max_used=1154Kb free=118013Kb
 bounds [0x00000229abec0000, 0x00000229ac130000, 0x00000229b3320000]
CodeHeap 'profiled nmethods': size=119104Kb used=5986Kb max_used=5986Kb free=113117Kb
 bounds [0x00000229a4320000, 0x00000229a4900000, 0x00000229ab770000]
CodeHeap 'non-nmethods': size=7488Kb used=2433Kb max_used=2452Kb free=5054Kb
 bounds [0x00000229ab770000, 0x00000229aba60000, 0x00000229abec0000]
CodeCache: size=245760Kb, used=9573Kb, max_used=9592Kb, free=236184Kb
 total_blobs=3509, nmethods=2918, adapters=495, full_count=0
Compilation: enabled, stopped_count=0, restarted_count=0

Compilation events (20 events):
Event: 12.186 Thread 0x00000229fa087020 2912       3       sun.util.locale.BaseLocale::equals (71 bytes)
Event: 12.186 Thread 0x0000022985172fa0 nmethod 2911 0x00000229a48e5a90 code [0x00000229a48e5c20, 0x00000229a48e5d80]
Event: 12.187 Thread 0x0000022985172fa0 2913       3       java.util.Locale::stripExtensions (20 bytes)
Event: 12.187 Thread 0x00000229849e8f80 nmethod 2910 0x00000229a48e5e10 code [0x00000229a48e6020, 0x00000229a48e6760]
Event: 12.187 Thread 0x00000229fa087020 nmethod 2912 0x00000229a48e6910 code [0x00000229a48e6ae0, 0x00000229a48e6f90]
Event: 12.187 Thread 0x00000229849e8f80 2903       3       sun.util.locale.LocaleObjectCache::normalizeKey (2 bytes)
Event: 12.187 Thread 0x00000229fa087020 2889       3       sun.util.locale.InternalLocaleBuilder::setExtensions (202 bytes)
Event: 12.187 Thread 0x00000229849e8f80 nmethod 2903 0x00000229a48e7090 code [0x00000229a48e7220, 0x00000229a48e7330]
Event: 12.187 Thread 0x0000022985172fa0 nmethod 2913 0x00000229a48e7390 code [0x00000229a48e7560, 0x00000229a48e77d0]
Event: 12.187 Thread 0x0000022985172fa0 2893       3       sun.util.locale.LocaleUtils::isEmpty (19 bytes)
Event: 12.187 Thread 0x00000229849e8f80 2892       3       sun.util.locale.InternalLocaleBuilder::getLocaleExtensions (65 bytes)
Event: 12.187 Thread 0x0000022985172fa0 nmethod 2893 0x00000229a48e7890 code [0x00000229a48e7a40, 0x00000229a48e7c78]
Event: 12.187 Thread 0x0000022985172fa0 2902       3       java.util.stream.Nodes$FixedNodeBuilder::accept (61 bytes)
Event: 12.187 Thread 0x00000229849e8f80 nmethod 2892 0x00000229a48e7d10 code [0x00000229a48e7f60, 0x00000229a48e8758]
Event: 12.187 Thread 0x00000229849e8f80 2876       3       sun.util.locale.BaseLocale::convertOldISOCodes (238 bytes)
Event: 12.187 Thread 0x00000229849e8f80 nmethod 2876 0x00000229a48e8990 code [0x00000229a48e8bc0, 0x00000229a48e9258]
Event: 12.187 Thread 0x00000229849e8f80 2897       3       sun.util.locale.LanguageTag::parseRegion (55 bytes)
Event: 13.193 Thread 0x0000022985172fa0 nmethod 2902 0x00000229a48e9390 code [0x00000229a48e9640, 0x00000229a48ea4e0]
Event: 14.203 Thread 0x00000229fa087020 nmethod 2889 0x00000229a48eaa10 code [0x00000229a48eaf20, 0x00000229a48ed718]
Event: 14.203 Thread 0x00000229849e8f80 nmethod 2897 0x00000229a48ee590 code [0x00000229a48ee760, 0x00000229a48eeb08]

GC Heap History (14 events):
Event: 0.816 GC heap before
{Heap before GC invocations=1 (full 0):
 PSYoungGen      total 29696K, used 25600K [0x00000000d5580000, 0x00000000d7680000, 0x0000000100000000)
  eden space 25600K, 100% used [0x00000000d5580000,0x00000000d6e80000,0x00000000d6e80000)
  from space 4096K, 0% used [0x00000000d7280000,0x00000000d7280000,0x00000000d7680000)
  to   space 4096K, 0% used [0x00000000d6e80000,0x00000000d6e80000,0x00000000d7280000)
 ParOldGen       total 68608K, used 0K [0x0000000080000000, 0x0000000084300000, 0x00000000d5580000)
  object space 68608K, 0% used [0x0000000080000000,0x0000000080000000,0x0000000084300000)
 Metaspace       used 4248K, committed 4480K, reserved 1114112K
  class space    used 465K, committed 576K, reserved 1048576K
}
Event: 0.821 GC heap after
{Heap after GC invocations=1 (full 0):
 PSYoungGen      total 29696K, used 3836K [0x00000000d5580000, 0x00000000d7680000, 0x0000000100000000)
  eden space 25600K, 0% used [0x00000000d5580000,0x00000000d5580000,0x00000000d6e80000)
  from space 4096K, 93% used [0x00000000d6e80000,0x00000000d723f000,0x00000000d7280000)
  to   space 4096K, 0% used [0x00000000d7280000,0x00000000d7280000,0x00000000d7680000)
 ParOldGen       total 68608K, used 16K [0x0000000080000000, 0x0000000084300000, 0x00000000d5580000)
  object space 68608K, 0% used [0x0000000080000000,0x0000000080004000,0x0000000084300000)
 Metaspace       used 4248K, committed 4480K, reserved 1114112K
  class space    used 465K, committed 576K, reserved 1048576K
}
Event: 2.551 GC heap before
{Heap before GC invocations=2 (full 0):
 PSYoungGen      total 29696K, used 29436K [0x00000000d5580000, 0x00000000d7680000, 0x0000000100000000)
  eden space 25600K, 100% used [0x00000000d5580000,0x00000000d6e80000,0x00000000d6e80000)
  from space 4096K, 93% used [0x00000000d6e80000,0x00000000d723f000,0x00000000d7280000)
  to   space 4096K, 0% used [0x00000000d7280000,0x00000000d7280000,0x00000000d7680000)
 ParOldGen       total 68608K, used 16K [0x0000000080000000, 0x0000000084300000, 0x00000000d5580000)
  object space 68608K, 0% used [0x0000000080000000,0x0000000080004000,0x0000000084300000)
 Metaspace       used 8020K, committed 8320K, reserved 1114112K
  class space    used 834K, committed 960K, reserved 1048576K
}
Event: 2.557 GC heap after
{Heap after GC invocations=2 (full 0):
 PSYoungGen      total 29696K, used 4064K [0x00000000d5580000, 0x00000000d7680000, 0x0000000100000000)
  eden space 25600K, 0% used [0x00000000d5580000,0x00000000d5580000,0x00000000d6e80000)
  from space 4096K, 99% used [0x00000000d7280000,0x00000000d7678138,0x00000000d7680000)
  to   space 4096K, 0% used [0x00000000d6e80000,0x00000000d6e80000,0x00000000d7280000)
 ParOldGen       total 68608K, used 1061K [0x0000000080000000, 0x0000000084300000, 0x00000000d5580000)
  object space 68608K, 1% used [0x0000000080000000,0x00000000801094a0,0x0000000084300000)
 Metaspace       used 8020K, committed 8320K, reserved 1114112K
  class space    used 834K, committed 960K, reserved 1048576K
}
Event: 3.147 GC heap before
{Heap before GC invocations=3 (full 0):
 PSYoungGen      total 29696K, used 29664K [0x00000000d5580000, 0x00000000d7680000, 0x0000000100000000)
  eden space 25600K, 100% used [0x00000000d5580000,0x00000000d6e80000,0x00000000d6e80000)
  from space 4096K, 99% used [0x00000000d7280000,0x00000000d7678138,0x00000000d7680000)
  to   space 4096K, 0% used [0x00000000d6e80000,0x00000000d6e80000,0x00000000d7280000)
 ParOldGen       total 68608K, used 1061K [0x0000000080000000, 0x0000000084300000, 0x00000000d5580000)
  object space 68608K, 1% used [0x0000000080000000,0x00000000801094a0,0x0000000084300000)
 Metaspace       used 12871K, committed 13440K, reserved 1114112K
  class space    used 1356K, committed 1600K, reserved 1048576K
}
Event: 3.151 GC heap after
{Heap after GC invocations=3 (full 0):
 PSYoungGen      total 29696K, used 4076K [0x00000000d5580000, 0x00000000d7680000, 0x0000000100000000)
  eden space 25600K, 0% used [0x00000000d5580000,0x00000000d5580000,0x00000000d6e80000)
  from space 4096K, 99% used [0x00000000d6e80000,0x00000000d727b108,0x00000000d7280000)
  to   space 4096K, 0% used [0x00000000d7280000,0x00000000d7280000,0x00000000d7680000)
 ParOldGen       total 68608K, used 2820K [0x0000000080000000, 0x0000000084300000, 0x00000000d5580000)
  object space 68608K, 4% used [0x0000000080000000,0x00000000802c10d8,0x0000000084300000)
 Metaspace       used 12871K, committed 13440K, reserved 1114112K
  class space    used 1356K, committed 1600K, reserved 1048576K
}
Event: 5.635 GC heap before
{Heap before GC invocations=4 (full 0):
 PSYoungGen      total 29696K, used 29676K [0x00000000d5580000, 0x00000000d7680000, 0x0000000100000000)
  eden space 25600K, 100% used [0x00000000d5580000,0x00000000d6e80000,0x00000000d6e80000)
  from space 4096K, 99% used [0x00000000d6e80000,0x00000000d727b108,0x00000000d7280000)
  to   space 4096K, 0% used [0x00000000d7280000,0x00000000d7280000,0x00000000d7680000)
 ParOldGen       total 68608K, used 2820K [0x0000000080000000, 0x0000000084300000, 0x00000000d5580000)
  object space 68608K, 4% used [0x0000000080000000,0x00000000802c10d8,0x0000000084300000)
 Metaspace       used 16126K, committed 16768K, reserved 1114112K
  class space    used 1678K, committed 1984K, reserved 1048576K
}
Event: 5.639 GC heap after
{Heap after GC invocations=4 (full 0):
 PSYoungGen      total 29696K, used 4073K [0x00000000d5580000, 0x00000000d7680000, 0x0000000100000000)
  eden space 25600K, 0% used [0x00000000d5580000,0x00000000d5580000,0x00000000d6e80000)
  from space 4096K, 99% used [0x00000000d7280000,0x00000000d767a458,0x00000000d7680000)
  to   space 4096K, 0% used [0x00000000d6e80000,0x00000000d6e80000,0x00000000d7280000)
 ParOldGen       total 68608K, used 5962K [0x0000000080000000, 0x0000000084300000, 0x00000000d5580000)
  object space 68608K, 8% used [0x0000000080000000,0x00000000805d2928,0x0000000084300000)
 Metaspace       used 16126K, committed 16768K, reserved 1114112K
  class space    used 1678K, committed 1984K, reserved 1048576K
}
Event: 5.888 GC heap before
{Heap before GC invocations=5 (full 0):
 PSYoungGen      total 29696K, used 29673K [0x00000000d5580000, 0x00000000d7680000, 0x0000000100000000)
  eden space 25600K, 100% used [0x00000000d5580000,0x00000000d6e80000,0x00000000d6e80000)
  from space 4096K, 99% used [0x00000000d7280000,0x00000000d767a458,0x00000000d7680000)
  to   space 4096K, 0% used [0x00000000d6e80000,0x00000000d6e80000,0x00000000d7280000)
 ParOldGen       total 68608K, used 5962K [0x0000000080000000, 0x0000000084300000, 0x00000000d5580000)
  object space 68608K, 8% used [0x0000000080000000,0x00000000805d2928,0x0000000084300000)
 Metaspace       used 20078K, committed 20672K, reserved 1114112K
  class space    used 1970K, committed 2240K, reserved 1048576K
}
Event: 6.897 GC heap after
{Heap after GC invocations=5 (full 0):
 PSYoungGen      total 29184K, used 4081K [0x00000000d5580000, 0x00000000d7a00000, 0x0000000100000000)
  eden space 25088K, 0% used [0x00000000d5580000,0x00000000d5580000,0x00000000d6e00000)
  from space 4096K, 99% used [0x00000000d6e80000,0x00000000d727c6e0,0x00000000d7280000)
  to   space 6144K, 0% used [0x00000000d7400000,0x00000000d7400000,0x00000000d7a00000)
 ParOldGen       total 68608K, used 6726K [0x0000000080000000, 0x0000000084300000, 0x00000000d5580000)
  object space 68608K, 9% used [0x0000000080000000,0x0000000080691a48,0x0000000084300000)
 Metaspace       used 20078K, committed 20672K, reserved 1114112K
  class space    used 1970K, committed 2240K, reserved 1048576K
}
Event: 7.082 GC heap before
{Heap before GC invocations=6 (full 0):
 PSYoungGen      total 29184K, used 22301K [0x00000000d5580000, 0x00000000d7a00000, 0x0000000100000000)
  eden space 25088K, 72% used [0x00000000d5580000,0x00000000d674b080,0x00000000d6e00000)
  from space 4096K, 99% used [0x00000000d6e80000,0x00000000d727c6e0,0x00000000d7280000)
  to   space 6144K, 0% used [0x00000000d7400000,0x00000000d7400000,0x00000000d7a00000)
 ParOldGen       total 68608K, used 6726K [0x0000000080000000, 0x0000000084300000, 0x00000000d5580000)
  object space 68608K, 9% used [0x0000000080000000,0x0000000080691a48,0x0000000084300000)
 Metaspace       used 20909K, committed 21504K, reserved 1114112K
  class space    used 2020K, committed 2304K, reserved 1048576K
}
Event: 9.088 GC heap after
{Heap after GC invocations=6 (full 0):
 PSYoungGen      total 31232K, used 5988K [0x00000000d5580000, 0x00000000d7a00000, 0x0000000100000000)
  eden space 25088K, 0% used [0x00000000d5580000,0x00000000d5580000,0x00000000d6e00000)
  from space 6144K, 97% used [0x00000000d7400000,0x00000000d79d9038,0x00000000d7a00000)
  to   space 4096K, 0% used [0x00000000d6e80000,0x00000000d6e80000,0x00000000d7280000)
 ParOldGen       total 68608K, used 6734K [0x0000000080000000, 0x0000000084300000, 0x00000000d5580000)
  object space 68608K, 9% used [0x0000000080000000,0x0000000080693a48,0x0000000084300000)
 Metaspace       used 20909K, committed 21504K, reserved 1114112K
  class space    used 2020K, committed 2304K, reserved 1048576K
}
Event: 9.088 GC heap before
{Heap before GC invocations=7 (full 1):
 PSYoungGen      total 31232K, used 5988K [0x00000000d5580000, 0x00000000d7a00000, 0x0000000100000000)
  eden space 25088K, 0% used [0x00000000d5580000,0x00000000d5580000,0x00000000d6e00000)
  from space 6144K, 97% used [0x00000000d7400000,0x00000000d79d9038,0x00000000d7a00000)
  to   space 4096K, 0% used [0x00000000d6e80000,0x00000000d6e80000,0x00000000d7280000)
 ParOldGen       total 68608K, used 6734K [0x0000000080000000, 0x0000000084300000, 0x00000000d5580000)
  object space 68608K, 9% used [0x0000000080000000,0x0000000080693a48,0x0000000084300000)
 Metaspace       used 20909K, committed 21504K, reserved 1114112K
  class space    used 2020K, committed 2304K, reserved 1048576K
}
Event: 10.112 GC heap after
{Heap after GC invocations=7 (full 1):
 PSYoungGen      total 31232K, used 0K [0x00000000d5580000, 0x00000000d7a00000, 0x0000000100000000)
  eden space 25088K, 0% used [0x00000000d5580000,0x00000000d5580000,0x00000000d6e00000)
  from space 6144K, 0% used [0x00000000d7400000,0x00000000d7400000,0x00000000d7a00000)
  to   space 4096K, 0% used [0x00000000d6e80000,0x00000000d6e80000,0x00000000d7280000)
 ParOldGen       total 68608K, used 9915K [0x0000000080000000, 0x0000000084300000, 0x00000000d5580000)
  object space 68608K, 14% used [0x0000000080000000,0x00000000809aec20,0x0000000084300000)
 Metaspace       used 20896K, committed 21504K, reserved 1114112K
  class space    used 2016K, committed 2304K, reserved 1048576K
}

Dll operation events (11 events):
Event: 0.016 Loaded shared library c:\Users\ASUS\.antigravity-ide\extensions\redhat.java-1.55.0-win32-x64\jre\21.0.11-win32-x86_64\bin\java.dll
Event: 0.119 Loaded shared library c:\Users\ASUS\.antigravity-ide\extensions\redhat.java-1.55.0-win32-x64\jre\21.0.11-win32-x86_64\bin\zip.dll
Event: 0.143 Loaded shared library C:\Users\ASUS\.antigravity-ide\extensions\redhat.java-1.55.0-win32-x64\jre\21.0.11-win32-x86_64\bin\instrument.dll
Event: 0.152 Loaded shared library C:\Users\ASUS\.antigravity-ide\extensions\redhat.java-1.55.0-win32-x64\jre\21.0.11-win32-x86_64\bin\net.dll
Event: 0.157 Loaded shared library C:\Users\ASUS\.antigravity-ide\extensions\redhat.java-1.55.0-win32-x64\jre\21.0.11-win32-x86_64\bin\nio.dll
Event: 0.163 Loaded shared library C:\Users\ASUS\.antigravity-ide\extensions\redhat.java-1.55.0-win32-x64\jre\21.0.11-win32-x86_64\bin\zip.dll
Event: 0.191 Loaded shared library C:\Users\ASUS\.antigravity-ide\extensions\redhat.java-1.55.0-win32-x64\jre\21.0.11-win32-x86_64\bin\jimage.dll
Event: 0.322 Loaded shared library c:\Users\ASUS\.antigravity-ide\extensions\redhat.java-1.55.0-win32-x64\jre\21.0.11-win32-x86_64\bin\verify.dll
Event: 2.672 Loaded shared library C:\Users\ASUS\AppData\Roaming\Antigravity IDE\User\globalStorage\redhat.java\1.55.0\config_ss_win\org.eclipse.equinox.launcher\org.eclipse.equinox.launcher.win32.win32.x86_64_1.3.100.v20260613-0559\eclipse_11924.dll
Event: 3.313 Loaded shared library C:\Users\ASUS\.antigravity-ide\extensions\redhat.java-1.55.0-win32-x64\jre\21.0.11-win32-x86_64\bin\management.dll
Event: 4.378 Loaded shared library C:\Users\ASUS\.antigravity-ide\extensions\redhat.java-1.55.0-win32-x64\jre\21.0.11-win32-x86_64\bin\management_ext.dll

Deoptimization events (20 events):
Event: 5.832 Thread 0x00000229849a6fc0 Uncommon trap: trap_request=0xffffff45 fr.pc=0x00000229abfc5a4c relative=0x000000000000022c
Event: 5.832 Thread 0x00000229849a6fc0 Uncommon trap: reason=unstable_if action=reinterpret pc=0x00000229abfc5a4c method=org.lombokweb.asm.Label.resolve([BLorg/lombokweb/asm/ByteVector;I)Z @ 81 c2
Event: 5.832 Thread 0x00000229849a6fc0 DEOPT PACKING pc=0x00000229abfc5a4c sp=0x000000d90dceed80
Event: 5.832 Thread 0x00000229849a6fc0 DEOPT UNPACKING pc=0x00000229ab7c3aa2 sp=0x000000d90dceed10 mode 2
Event: 6.998 Thread 0x00000229849a6fc0 DEOPT PACKING pc=0x00000229a478f339 sp=0x000000d90dcf8100
Event: 6.998 Thread 0x00000229849a6fc0 DEOPT UNPACKING pc=0x00000229ab7c4242 sp=0x000000d90dcf7600 mode 0
Event: 11.140 Thread 0x00000229849a6fc0 DEOPT PACKING pc=0x00000229a446b626 sp=0x000000d90dcf80c0
Event: 11.140 Thread 0x00000229849a6fc0 DEOPT UNPACKING pc=0x00000229ab7c4242 sp=0x000000d90dcf75b8 mode 0
Event: 11.141 Thread 0x00000229849a6fc0 DEOPT PACKING pc=0x00000229a446b626 sp=0x000000d90dcf80c0
Event: 11.141 Thread 0x00000229849a6fc0 DEOPT UNPACKING pc=0x00000229ab7c4242 sp=0x000000d90dcf75b8 mode 0
Event: 11.141 Thread 0x00000229849a6fc0 DEOPT PACKING pc=0x00000229a475e656 sp=0x000000d90dcf7e70
Event: 11.141 Thread 0x00000229849a6fc0 DEOPT UNPACKING pc=0x00000229ab7c4242 sp=0x000000d90dcf7380 mode 0
Event: 11.142 Thread 0x00000229849a6fc0 DEOPT PACKING pc=0x00000229a446b626 sp=0x000000d90dcf80c0
Event: 11.142 Thread 0x00000229849a6fc0 DEOPT UNPACKING pc=0x00000229ab7c4242 sp=0x000000d90dcf75b8 mode 0
Event: 11.142 Thread 0x00000229849a6fc0 DEOPT PACKING pc=0x00000229a446b626 sp=0x000000d90dcf80c0
Event: 11.142 Thread 0x00000229849a6fc0 DEOPT UNPACKING pc=0x00000229ab7c4242 sp=0x000000d90dcf75b8 mode 0
Event: 12.181 Thread 0x00000229849a6fc0 DEOPT PACKING pc=0x00000229a475e635 sp=0x000000d90dcfd690
Event: 12.181 Thread 0x00000229849a6fc0 DEOPT UNPACKING pc=0x00000229ab7c4242 sp=0x000000d90dcfcba0 mode 0
Event: 12.184 Thread 0x00000229849a6fc0 DEOPT PACKING pc=0x00000229a475e635 sp=0x000000d90dcfd750
Event: 12.184 Thread 0x00000229849a6fc0 DEOPT UNPACKING pc=0x00000229ab7c4242 sp=0x000000d90dcfcc60 mode 0

Classes loaded (20 events):
Event: 5.562 Loading class java/util/zip/GZIPOutputStream
Event: 5.562 Loading class java/util/zip/GZIPOutputStream done
Event: 5.565 Loading class java/io/StringReader
Event: 5.565 Loading class java/io/StringReader done
Event: 5.587 Loading class java/net/SocketTimeoutException
Event: 5.587 Loading class java/io/InterruptedIOException
Event: 5.587 Loading class java/io/InterruptedIOException done
Event: 5.587 Loading class java/net/SocketTimeoutException done
Event: 5.587 Loading class java/net/SocketException
Event: 5.588 Loading class java/net/SocketException done
Event: 5.588 Loading class java/net/UnknownHostException
Event: 5.588 Loading class java/net/UnknownHostException done
Event: 5.588 Loading class java/net/ProtocolException
Event: 5.588 Loading class java/net/ProtocolException done
Event: 5.606 Loading class java/lang/ThreadLocal$SuppliedThreadLocal
Event: 5.607 Loading class java/lang/ThreadLocal$SuppliedThreadLocal done
Event: 5.610 Loading class java/io/FileWriter
Event: 5.611 Loading class java/io/FileWriter done
Event: 5.657 Loading class java/lang/NegativeArraySizeException
Event: 5.657 Loading class java/lang/NegativeArraySizeException done

Classes unloaded (7 events):
Event: 9.092 Thread 0x00000229b7bb2370 Unloading class 0x00000229b9191400 'java/lang/invoke/LambdaForm$MH+0x00000229b9191400'
Event: 9.092 Thread 0x00000229b7bb2370 Unloading class 0x00000229b9191000 'java/lang/invoke/LambdaForm$MH+0x00000229b9191000'
Event: 9.092 Thread 0x00000229b7bb2370 Unloading class 0x00000229b9190c00 'java/lang/invoke/LambdaForm$MH+0x00000229b9190c00'
Event: 9.092 Thread 0x00000229b7bb2370 Unloading class 0x00000229b9190800 'java/lang/invoke/LambdaForm$MH+0x00000229b9190800'
Event: 9.092 Thread 0x00000229b7bb2370 Unloading class 0x00000229b9190400 'java/lang/invoke/LambdaForm$BMH+0x00000229b9190400'
Event: 9.092 Thread 0x00000229b7bb2370 Unloading class 0x00000229b9190000 'java/lang/invoke/LambdaForm$DMH+0x00000229b9190000'
Event: 9.092 Thread 0x00000229b7bb2370 Unloading class 0x00000229b918ec00 'java/lang/invoke/LambdaForm$DMH+0x00000229b918ec00'

Classes redefined (0 events):
No events

Internal exceptions (20 events):
Event: 5.508 Thread 0x00000229849a6fc0 Exception <a 'java/lang/NoSuchMethodError'{0x00000000d6194e90}: 'java.lang.Object java.lang.invoke.DirectMethodHandle$Holder.newInvokeSpecial(java.lang.Object, java.lang.Object, java.lang.Object, int, java.lang.Object)'> (0x00000000d6194e90) 
thrown [s\src\hotspot\share\interpreter\linkResolver.cpp, line 773]
Event: 5.508 Thread 0x00000229849a6fc0 Exception <a 'java/lang/NoSuchMethodError'{0x00000000d6198e10}: 'java.lang.Object java.lang.invoke.DirectMethodHandle$Holder.invokeSpecial(java.lang.Object, java.lang.Object, java.lang.Object, java.lang.Object, int, java.lang.Object)'> (0x00000000d6198e10) 
thrown [s\src\hotspot\share\interpreter\linkResolver.cpp, line 773]
Event: 5.509 Thread 0x00000229849a6fc0 Exception <a 'java/lang/NoSuchMethodError'{0x00000000d619c950}: 'java.lang.Object java.lang.invoke.Invokers$Holder.linkToTargetMethod(java.lang.Object, java.lang.Object, int, java.lang.Object, java.lang.Object)'> (0x00000000d619c950) 
thrown [s\src\hotspot\share\interpreter\linkResolver.cpp, line 773]
Event: 5.509 Thread 0x0000022984be8020 Exception <a 'java/lang/NoSuchMethodError'{0x00000000d60c86f8}: 'java.lang.Object java.lang.invoke.DirectMethodHandle$Holder.invokeSpecial(java.lang.Object, java.lang.Object, int, java.lang.Object, java.lang.Object)'> (0x00000000d60c86f8) 
thrown [s\src\hotspot\share\interpreter\linkResolver.cpp, line 773]
Event: 5.510 Thread 0x0000022984be8020 Exception <a 'java/lang/NoSuchMethodError'{0x00000000d60cf430}: 'java.lang.Object java.lang.invoke.DirectMethodHandle$Holder.newInvokeSpecial(java.lang.Object, java.lang.Object, int, java.lang.Object)'> (0x00000000d60cf430) 
thrown [s\src\hotspot\share\interpreter\linkResolver.cpp, line 773]
Event: 5.510 Thread 0x0000022984be8020 Exception <a 'java/lang/NoSuchMethodError'{0x00000000d60d2d10}: 'java.lang.Object java.lang.invoke.DirectMethodHandle$Holder.invokeSpecial(java.lang.Object, java.lang.Object, java.lang.Object, int, java.lang.Object)'> (0x00000000d60d2d10) 
thrown [s\src\hotspot\share\interpreter\linkResolver.cpp, line 773]
Event: 5.531 Thread 0x00000229849a6fc0 Exception <a 'java/lang/NoSuchMethodError'{0x00000000d62e1a58}: 'void java.lang.invoke.DirectMethodHandle$Holder.invokeSpecial(java.lang.Object, java.lang.Object, java.lang.Object, java.lang.Object, java.lang.Object)'> (0x00000000d62e1a58) 
thrown [s\src\hotspot\share\interpreter\linkResolver.cpp, line 773]
Event: 5.549 Thread 0x00000229849a6fc0 Exception <a 'java/lang/NoSuchMethodError'{0x00000000d63ec520}: 'double java.lang.invoke.DirectMethodHandle$Holder.invokeStatic(java.lang.Object, java.lang.Object)'> (0x00000000d63ec520) 
thrown [s\src\hotspot\share\interpreter\linkResolver.cpp, line 773]
Event: 5.549 Thread 0x00000229849a6fc0 Exception <a 'java/lang/NoSuchMethodError'{0x00000000d63efbe0}: 'double java.lang.invoke.DirectMethodHandle$Holder.invokeStaticInit(java.lang.Object, java.lang.Object)'> (0x00000000d63efbe0) 
thrown [s\src\hotspot\share\interpreter\linkResolver.cpp, line 773]
Event: 5.662 Thread 0x00000229849a6fc0 Exception <a 'java/io/FileNotFoundException'{0x00000000d5ae6378}> (0x00000000d5ae6378) 
thrown [s\src\hotspot\share\prims\jni.cpp, line 520]
Event: 5.662 Thread 0x00000229849a6fc0 Exception <a 'java/io/FileNotFoundException'{0x00000000d5ae71f0}> (0x00000000d5ae71f0) 
thrown [s\src\hotspot\share\prims\jni.cpp, line 520]
Event: 5.662 Thread 0x00000229849a6fc0 Exception <a 'java/io/FileNotFoundException'{0x00000000d5ae8168}> (0x00000000d5ae8168) 
thrown [s\src\hotspot\share\prims\jni.cpp, line 520]
Event: 5.782 Thread 0x00000229849a6fc0 Exception <a 'java/lang/NoSuchMethodError'{0x00000000d644d6e0}: 'int java.lang.invoke.DirectMethodHandle$Holder.invokeStaticInit(java.lang.Object, java.lang.Object, java.lang.Object)'> (0x00000000d644d6e0) 
thrown [s\src\hotspot\share\interpreter\linkResolver.cpp, line 773]
Event: 5.832 Thread 0x00000229849a6fc0 Implicit null exception at 0x00000229abfc6b75 to 0x00000229abfc6c50
Event: 6.915 Thread 0x00000229849a6fc0 Exception <a 'java/io/FileNotFoundException'{0x00000000d5757dd0}> (0x00000000d5757dd0) 
thrown [s\src\hotspot\share\prims\jni.cpp, line 520]
Event: 6.916 Thread 0x00000229849a6fc0 Exception <a 'java/lang/NoSuchMethodError'{0x00000000d575f668}: 'java.lang.Object java.lang.invoke.DirectMethodHandle$Holder.newInvokeSpecial(java.lang.Object, int, java.lang.Object, java.lang.Object)'> (0x00000000d575f668) 
thrown [s\src\hotspot\share\interpreter\linkResolver.cpp, line 773]
Event: 6.947 Thread 0x00000229849a6fc0 Exception <a 'java/io/FileNotFoundException'{0x00000000d62ef260}> (0x00000000d62ef260) 
thrown [s\src\hotspot\share\prims\jni.cpp, line 520]
Event: 6.947 Thread 0x00000229849a6fc0 Exception <a 'java/io/FileNotFoundException'{0x00000000d62f0288}> (0x00000000d62f0288) 
thrown [s\src\hotspot\share\prims\jni.cpp, line 520]
Event: 6.950 Thread 0x00000229849a6fc0 Exception <a 'java/io/FileNotFoundException'{0x00000000d62fe340}> (0x00000000d62fe340) 
thrown [s\src\hotspot\share\prims\jni.cpp, line 520]
Event: 11.167 Thread 0x00000229849a6fc0 Exception <a 'java/io/FileNotFoundException'{0x00000000d58e36e0}> (0x00000000d58e36e0) 
thrown [s\src\hotspot\share\prims\jni.cpp, line 520]

ZGC Phase Switch (0 events):
No events

VM Operations (20 events):
Event: 4.154 Executing safepoint VM operation: Cleanup
Event: 4.154 Executing safepoint VM operation: Cleanup done
Event: 4.418 Executing non-safepoint VM operation: HandshakeAllThreads (Deoptimize)
Event: 4.418 Executing non-safepoint VM operation: HandshakeAllThreads (Deoptimize) done
Event: 4.423 Executing non-safepoint VM operation: HandshakeAllThreads (Deoptimize)
Event: 4.423 Executing non-safepoint VM operation: HandshakeAllThreads (Deoptimize) done
Event: 5.431 Executing safepoint VM operation: Cleanup
Event: 5.432 Executing safepoint VM operation: Cleanup done
Event: 5.435 Executing non-safepoint VM operation: HandshakeAllThreads (Deoptimize)
Event: 5.435 Executing non-safepoint VM operation: HandshakeAllThreads (Deoptimize) done
Event: 5.635 Executing safepoint VM operation: ParallelGCFailedAllocation (Allocation Failure)
Event: 5.639 Executing safepoint VM operation: ParallelGCFailedAllocation (Allocation Failure) done
Event: 5.888 Executing safepoint VM operation: ParallelGCFailedAllocation (Allocation Failure)
Event: 6.897 Executing safepoint VM operation: ParallelGCFailedAllocation (Allocation Failure) done
Event: 7.082 Executing safepoint VM operation: CollectForMetadataAllocation (Metadata GC Threshold)
Event: 10.112 Executing safepoint VM operation: CollectForMetadataAllocation (Metadata GC Threshold) done
Event: 12.136 Executing safepoint VM operation: Cleanup
Event: 12.137 Executing safepoint VM operation: Cleanup done
Event: 13.146 Executing safepoint VM operation: Cleanup
Event: 13.209 Executing safepoint VM operation: Cleanup done

Memory protections (0 events):
No events

Nmethod flushes (0 events):
No events

Events (20 events):
Event: 0.443 Thread 0x00000229a111f330 Thread added: 0x0000022984021db0
Event: 1.293 Thread 0x00000229a111f330 Thread added: 0x00000229845f7ef0
Event: 2.467 Thread 0x00000229fa180590 Thread exited: 0x00000229fa180590
Event: 2.467 Thread 0x00000229fa087020 Thread added: 0x00000229fa180590
Event: 2.563 Thread 0x00000229a111f330 Thread added: 0x00000229849a6130
Event: 2.567 Thread 0x00000229a111f330 Thread added: 0x00000229849a6fc0
Event: 2.620 Thread 0x00000229849a6fc0 Thread added: 0x0000022984631ba0
Event: 3.104 Thread 0x00000229849a6fc0 Thread added: 0x0000022984b2f490
Event: 4.379 Thread 0x00000229fa180590 Thread exited: 0x00000229fa180590
Event: 4.379 Thread 0x00000229fa17e9b0 Thread exited: 0x00000229fa17e9b0
Event: 4.426 Thread 0x00000229fa087020 Thread added: 0x00000229849e8f80
Event: 5.491 Thread 0x00000229849a6fc0 Thread added: 0x0000022984be8020
Event: 5.510 Thread 0x00000229849a6fc0 Thread added: 0x00000229842ce430
Event: 5.576 Thread 0x00000229fa087020 Thread added: 0x0000022984da4490
Event: 11.143 Thread 0x00000229fa087020 Thread added: 0x0000022985172fa0
Event: 11.150 Thread 0x00000229849a6fc0 Thread added: 0x0000022984a9ffc0
Event: 12.173 Thread 0x0000022985172fa0 Thread exited: 0x0000022985172fa0
Event: 12.173 Thread 0x00000229849e8f80 Thread exited: 0x00000229849e8f80
Event: 12.179 Thread 0x00000229fa087020 Thread added: 0x00000229849e8f80
Event: 12.179 Thread 0x00000229fa087020 Thread added: 0x0000022985172fa0


Dynamic libraries:
0x00007ff67f700000 - 0x00007ff67f70e000 	c:\Users\ASUS\.antigravity-ide\extensions\redhat.java-1.55.0-win32-x64\jre\21.0.11-win32-x86_64\bin\java.exe
0x00007fff6c480000 - 0x00007fff6c6e6000 	C:\WINDOWS\SYSTEM32\ntdll.dll
0x00007fff6b1b0000 - 0x00007fff6b279000 	C:\WINDOWS\System32\KERNEL32.DLL
0x00007fff69d90000 - 0x00007fff6a18a000 	C:\WINDOWS\System32\KERNELBASE.dll
0x00007fff69970000 - 0x00007fff69abc000 	C:\WINDOWS\System32\ucrtbase.dll
0x00007fff4ef10000 - 0x00007fff4ef2e000 	c:\Users\ASUS\.antigravity-ide\extensions\redhat.java-1.55.0-win32-x64\jre\21.0.11-win32-x86_64\bin\VCRUNTIME140.dll
0x00007ffeeaba0000 - 0x00007ffeeabb8000 	c:\Users\ASUS\.antigravity-ide\extensions\redhat.java-1.55.0-win32-x64\jre\21.0.11-win32-x86_64\bin\jli.dll
0x00007fff6b740000 - 0x00007fff6b907000 	C:\WINDOWS\System32\USER32.dll
0x00007fff4db10000 - 0x00007fff4dda2000 	C:\WINDOWS\WinSxS\amd64_microsoft.windows.common-controls_6595b64144ccf1df_6.0.26100.8521_none_3e08b75ce33403b3\COMCTL32.dll
0x00007fff6a190000 - 0x00007fff6a1b7000 	C:\WINDOWS\System32\win32u.dll
0x00007fff6ba50000 - 0x00007fff6ba7b000 	C:\WINDOWS\System32\GDI32.dll
0x00007fff6b990000 - 0x00007fff6ba39000 	C:\WINDOWS\System32\msvcrt.dll
0x00007fff696e0000 - 0x00007fff6980b000 	C:\WINDOWS\System32\gdi32full.dll
0x00007fff69810000 - 0x00007fff698b3000 	C:\WINDOWS\System32\msvcp_win.dll
0x00007fff6b170000 - 0x00007fff6b1a2000 	C:\WINDOWS\System32\IMM32.DLL
0x00007fff311c0000 - 0x00007fff311cc000 	c:\Users\ASUS\.antigravity-ide\extensions\redhat.java-1.55.0-win32-x64\jre\21.0.11-win32-x86_64\bin\vcruntime140_1.dll
0x00007ffe8d3e0000 - 0x00007ffe8d46d000 	c:\Users\ASUS\.antigravity-ide\extensions\redhat.java-1.55.0-win32-x64\jre\21.0.11-win32-x86_64\bin\msvcp140.dll
0x00007ffe722e0000 - 0x00007ffe73082000 	c:\Users\ASUS\.antigravity-ide\extensions\redhat.java-1.55.0-win32-x64\jre\21.0.11-win32-x86_64\bin\server\jvm.dll
0x00007fff6b0b0000 - 0x00007fff6b166000 	C:\WINDOWS\System32\ADVAPI32.dll
0x00007fff6bba0000 - 0x00007fff6bc4a000 	C:\WINDOWS\System32\sechost.dll
0x00007fff6ba80000 - 0x00007fff6bb98000 	C:\WINDOWS\System32\RPCRT4.dll
0x00007fff6b5f0000 - 0x00007fff6b670000 	C:\WINDOWS\System32\WS2_32.dll
0x00007fff69540000 - 0x00007fff6959e000 	C:\WINDOWS\SYSTEM32\POWRPROF.dll
0x00007fff5cee0000 - 0x00007fff5cf16000 	C:\WINDOWS\SYSTEM32\WINMM.dll
0x00007fff63170000 - 0x00007fff6317b000 	C:\WINDOWS\SYSTEM32\VERSION.dll
0x00007fff69520000 - 0x00007fff69534000 	C:\WINDOWS\SYSTEM32\UMPDC.dll
0x00007fff68430000 - 0x00007fff6844b000 	C:\WINDOWS\SYSTEM32\kernel.appcore.dll
0x00007fff23e90000 - 0x00007fff23e9a000 	c:\Users\ASUS\.antigravity-ide\extensions\redhat.java-1.55.0-win32-x64\jre\21.0.11-win32-x86_64\bin\jimage.dll
0x00007fff55ac0000 - 0x00007fff55d02000 	C:\WINDOWS\SYSTEM32\DBGHELP.DLL
0x00007fff6ad20000 - 0x00007fff6b0a3000 	C:\WINDOWS\System32\combase.dll
0x00007fff6a1c0000 - 0x00007fff6a299000 	C:\WINDOWS\System32\OLEAUT32.dll
0x00007fff4c090000 - 0x00007fff4c0cb000 	C:\WINDOWS\SYSTEM32\dbgcore.DLL
0x00007fff698c0000 - 0x00007fff69968000 	C:\WINDOWS\System32\bcryptPrimitives.dll
0x00007fff12100000 - 0x00007fff1210f000 	c:\Users\ASUS\.antigravity-ide\extensions\redhat.java-1.55.0-win32-x64\jre\21.0.11-win32-x86_64\bin\instrument.dll
0x00007ffed5530000 - 0x00007ffed5550000 	c:\Users\ASUS\.antigravity-ide\extensions\redhat.java-1.55.0-win32-x64\jre\21.0.11-win32-x86_64\bin\java.dll
0x00007fff6bc50000 - 0x00007fff6c3d4000 	C:\WINDOWS\System32\SHELL32.dll
0x00007fff67250000 - 0x00007fff67ad0000 	C:\WINDOWS\SYSTEM32\windows.storage.dll
0x00007fff6b310000 - 0x00007fff6b406000 	C:\WINDOWS\System32\SHCORE.dll
0x00007fff6b680000 - 0x00007fff6b6e7000 	C:\WINDOWS\System32\shlwapi.dll
0x00007fff69600000 - 0x00007fff69629000 	C:\WINDOWS\SYSTEM32\profapi.dll
0x00007ffed4fb0000 - 0x00007ffed4fc8000 	c:\Users\ASUS\.antigravity-ide\extensions\redhat.java-1.55.0-win32-x64\jre\21.0.11-win32-x86_64\bin\zip.dll
0x00007ffeef4e0000 - 0x00007ffeef4f0000 	C:\Users\ASUS\.antigravity-ide\extensions\redhat.java-1.55.0-win32-x64\jre\21.0.11-win32-x86_64\bin\net.dll
0x00007fff635c0000 - 0x00007fff636e9000 	C:\WINDOWS\SYSTEM32\WINHTTP.dll
0x00007fff68980000 - 0x00007fff689ec000 	C:\WINDOWS\system32\mswsock.dll
0x00007ffedd220000 - 0x00007ffedd236000 	C:\Users\ASUS\.antigravity-ide\extensions\redhat.java-1.55.0-win32-x64\jre\21.0.11-win32-x86_64\bin\nio.dll
0x00007fff26680000 - 0x00007fff26690000 	c:\Users\ASUS\.antigravity-ide\extensions\redhat.java-1.55.0-win32-x64\jre\21.0.11-win32-x86_64\bin\verify.dll
0x00007ffed35a0000 - 0x00007ffed35e5000 	C:\Users\ASUS\AppData\Roaming\Antigravity IDE\User\globalStorage\redhat.java\1.55.0\config_ss_win\org.eclipse.equinox.launcher\org.eclipse.equinox.launcher.win32.win32.x86_64_1.3.100.v20260613-0559\eclipse_11924.dll
0x00007fff6a750000 - 0x00007fff6a8e8000 	C:\WINDOWS\System32\ole32.dll
0x00007ffeea0d0000 - 0x00007ffeea0da000 	C:\Users\ASUS\.antigravity-ide\extensions\redhat.java-1.55.0-win32-x64\jre\21.0.11-win32-x86_64\bin\management.dll
0x00007ffee9df0000 - 0x00007ffee9dfc000 	C:\Users\ASUS\.antigravity-ide\extensions\redhat.java-1.55.0-win32-x64\jre\21.0.11-win32-x86_64\bin\management_ext.dll
0x00007fff6aa10000 - 0x00007fff6aa18000 	C:\WINDOWS\System32\PSAPI.DLL

JVMTI agents:
c:\Users\ASUS\.antigravity-ide\extensions\redhat.java-1.55.0-win32-x64\lombok\lombok-1.18.39-4050.jar path:c:\Users\ASUS\.antigravity-ide\extensions\redhat.java-1.55.0-win32-x64\jre\21.0.11-win32-x86_64\bin\instrument.dll, loaded, initialized, instrumentlib options:none

dbghelp: loaded successfully - version: 4.0.5 - missing functions: none
symbol engine: initialized successfully - sym options: 0x614 - pdb path: .;c:\Users\ASUS\.antigravity-ide\extensions\redhat.java-1.55.0-win32-x64\jre\21.0.11-win32-x86_64\bin;C:\WINDOWS\SYSTEM32;C:\WINDOWS\WinSxS\amd64_microsoft.windows.common-controls_6595b64144ccf1df_6.0.26100.8521_none_3e08b75ce33403b3;c:\Users\ASUS\.antigravity-ide\extensions\redhat.java-1.55.0-win32-x64\jre\21.0.11-win32-x86_64\bin\server;C:\Users\ASUS\AppData\Roaming\Antigravity IDE\User\globalStorage\redhat.java\1.55.0\config_ss_win\org.eclipse.equinox.launcher\org.eclipse.equinox.launcher.win32.win32.x86_64_1.3.100.v20260613-0559

VM Arguments:
jvm_args: --add-modules=ALL-SYSTEM --add-opens=java.base/java.util=ALL-UNNAMED --add-opens=java.base/java.lang=ALL-UNNAMED --add-opens=java.base/sun.nio.fs=ALL-UNNAMED -Declipse.application=org.eclipse.jdt.ls.core.id1 -Dosgi.bundles.defaultStartLevel=4 -Declipse.product=org.eclipse.jdt.ls.core.product -Djava.import.generatesMetadataFilesAtProjectRoot=false -DDetectVMInstallationsJob.disabled=true -Dfile.encoding=utf8 -XX:+UseParallelGC -XX:GCTimeRatio=4 -XX:AdaptiveSizePolicyWeight=90 -Dsun.zip.disableMemoryMapping=true -Xmx2G -Xms100m -Xlog:disable -javaagent:c:\Users\ASUS\.antigravity-ide\extensions\redhat.java-1.55.0-win32-x64\lombok\lombok-1.18.39-4050.jar 
java_command: c:\Users\ASUS\.antigravity-ide\extensions\redhat.java-1.55.0-win32-x64\server\plugins\org.eclipse.equinox.launcher_1.7.200.v20260619-2039.jar -configuration c:\Users\ASUS\AppData\Roaming\Antigravity IDE\User\globalStorage\redhat.java\1.55.0\config_ss_win -data c:\Users\ASUS\AppData\Roaming\Antigravity IDE\User\workspaceStorage\3610b81425739c90d7ccad5d90ea23d0\redhat.java\ss_ws --pipe=\\.\pipe\lsp-b1ea63e8029556215edcbde8cb1115f1-sock
java_class_path (initial): c:\Users\ASUS\.antigravity-ide\extensions\redhat.java-1.55.0-win32-x64\server\plugins\org.eclipse.equinox.launcher_1.7.200.v20260619-2039.jar
Launcher Type: SUN_STANDARD

[Global flags]
    uintx AdaptiveSizePolicyWeight                 = 90                                        {product} {command line}
     intx CICompilerCount                          = 12                                        {product} {ergonomic}
    uintx GCTimeRatio                              = 4                                         {product} {command line}
   size_t InitialHeapSize                          = 104857600                                 {product} {command line}
   size_t MaxHeapSize                              = 2147483648                                {product} {command line}
   size_t MaxNewSize                               = 715653120                                 {product} {ergonomic}
   size_t MinHeapDeltaBytes                        = 524288                                    {product} {ergonomic}
   size_t MinHeapSize                              = 104857600                                 {product} {command line}
   size_t NewSize                                  = 34603008                                  {product} {ergonomic}
    uintx NonNMethodCodeHeapSize                   = 7602480                                {pd product} {ergonomic}
    uintx NonProfiledCodeHeapSize                  = 122027880                              {pd product} {ergonomic}
   size_t OldSize                                  = 70254592                                  {product} {ergonomic}
    uintx ProfiledCodeHeapSize                     = 122027880                              {pd product} {ergonomic}
    uintx ReservedCodeCacheSize                    = 251658240                              {pd product} {ergonomic}
     bool SegmentedCodeCache                       = true                                      {product} {ergonomic}
   size_t SoftMaxHeapSize                          = 2147483648                             {manageable} {ergonomic}
     bool UseCompressedOops                        = true                           {product lp64_product} {ergonomic}
     bool UseLargePagesIndividualAllocation        = false                                  {pd product} {ergonomic}
     bool UseParallelGC                            = true                                      {product} {command line}

Logging:
Log output configuration:
 #0: stdout all=off uptime,level,tags foldmultilines=false
 #1: stderr all=off uptime,level,tags foldmultilines=false

Release file:
JAVA_VERSION="21.0.11" 
MODULES="java.base java.compiler java.datatransfer java.xml java.prefs java.desktop java.instrument java.logging java.management java.security.sasl java.naming java.rmi java.management.rmi java.net.http java.scripting java.security.jgss java.transaction.xa java.sql java.sql.rowset java.xml.crypto java.se java.smartcardio jdk.accessibility jdk.internal.jvmstat jdk.attach jdk.charsets jdk.internal.opt jdk.zipfs jdk.compiler jdk.crypto.ec jdk.crypto.cryptoki jdk.crypto.mscapi jdk.dynalink jdk.internal.ed jdk.editpad jdk.hotspot.agent jdk.httpserver jdk.internal.le jdk.internal.vm.ci jdk.internal.vm.compiler jdk.internal.vm.compiler.management jdk.jartool jdk.javadoc jdk.jcmd jdk.management jdk.management.agent jdk.jconsole jdk.jdeps jdk.jdwp.agent jdk.jdi jdk.jfr jdk.jshell jdk.jsobject jdk.jstatd jdk.localedata jdk.management.jfr jdk.naming.dns jdk.naming.rmi jdk.net jdk.nio.mapmode jdk.random jdk.sctp jdk.security.auth jdk.security.jgss jdk.unsupported jdk.unsupported.desktop jdk.xml.dom" 

Environment Variables:
PATH=C:\Program Files\Alacritty\;C:\Program Files\Java\jdk-21.0.9+10\bin;C:\Program Files\Python313\Scripts\;C:\Program Files\Python313\;C:\Program Files (x86)\VMware\VMware Workstation\bin\;C:\WINDOWS\system32;C:\WINDOWS;C:\WINDOWS\System32\Wbem;C:\WINDOWS\System32\WindowsPowerShell\v1.0\;C:\WINDOWS\System32\OpenSSH\;C:\Program Files\NVIDIA Corporation\NVIDIA App\NvDLISR;C:\Program Files (x86)\NVIDIA Corporation\PhysX\Common;C:\Program Files\dotnet\;C:\php-8.4.7;C:\ProgramData\ComposerSetup\bin;C:\Program Files\nodejs\;C:\Program Files\Git\cmd;C:\Program Files\MongoDB\Server\8.2\bin;C:\Program Files\Java\jdk-25\;C:\ProgramData\chocolatey\bin;C:\Program Files\Microsoft SQL Server\150\Tools\Binn\;C:\Program Files\Microsoft SQL Server\Client SDK\ODBC\170\Tools\Binn\;C:\Program Files\Microsoft SQL Server\170\DTS\Binn\;C:\Users\ASUS\Downloads\flutter_windows_3.41.7-stable\flutter\bin;C:\flutter\bin;C:\flutter\bin\cache\dart-sdk;C:\Program Files\Docker\Docker\resources\bin;C:\Program Files\Java\jdk-21.0.9+10\bin;C:\Users\ASUS\AppData\Roaming\Code\User\globalStorage\pleiades.java-extension-pack-jdk\maven\latest\bin;C:\Program Files\PostgreSQL\18;C:\Users\ASUS\.cargo\bin;C:\Users\ASUS\AppData\Local\jcode\bin;c:\Users\ASUS\AppData\Local\Programs\cursor\resources\app\codeBin;C:\Program Files\Java\jdk-21.0.9+10\bin;C:\Users\ASUS\AppData\Local\Microsoft\WindowsApps;C:\Visaul Studio\Microsoft VS Code\bin;C:\Program Files\Azure Data Studio\bin;C:\Users\ASUS\AppData\Local\GitHubDesktop\bin;C:\Users\ASUS\AppData\Roaming\Composer\vendor\bin;C:\Users\ASUS\AppData\Roaming\npm;C:\Program Files\IntelliJ IDEA 2025.2.3\bin;C:\Program Files (x86)\Microsoft Visual Studio\Shared\NuGetPackages\microsoft.visualstudio.javascript.sdk;C:\Program Files\Java\jdk-25\;C:\Users\ASUS\.dotnet\tools;C:\Users\ASUS\AppData\Local\Microsoft\WinGet\Links;C:\Users\ASUS\AppData\Local\Programs\Antigravity\bin;C:\flutter\bin;C:\flutter\bin\cache\dart-sdk;%JAVA_HOME%bin;C:\Users\ASUS\Downloads\OpenJDK21U-jdk_x64_windows_hotspot_21.0.11_10 (2)\OpenJDK21U-jdk_x64_windows_hotspot_21.0.11_10\jdk-21.0.11+10\bin;C:\Program Files\Java\jdk-21.0.9+10\bin;C:\Users\ASUS\AppData\Local\Programs\Antigravity IDE\bin;C:\Users\ASUS\AppData\Roaming\Code\User\globalStorage\pleiades.java-extension-pack-jdk\maven\latest\bin;C:\Program Files\PostgreSQL\18;
USERNAME=ASUS
OS=Windows_NT
PROCESSOR_IDENTIFIER=AMD64 Family 25 Model 68 Stepping 1, AuthenticAMD
TMP=C:\Users\ASUS\AppData\Local\Temp
TEMP=C:\Users\ASUS\AppData\Local\Temp




Periodic native trim disabled

---------------  S Y S T E M  ---------------

OS:
 Windows 11 , 64 bit Build 26100 (10.0.26100.8521)
OS uptime: 0 days 2:12 hours
Hyper-V role detected

CPU: total 16 (initial active 16) (16 cores per cpu, 2 threads per core) family 25 model 68 stepping 1 microcode 0xa404107, cx8, cmov, fxsr, ht, mmx, 3dnowpref, sse, sse2, sse3, ssse3, sse4a, sse4.1, sse4.2, popcnt, lzcnt, tsc, tscinvbit, avx, avx2, aes, erms, clmul, bmi1, bmi2, adx, sha, fma, vzeroupper, clflush, clflushopt, hv, rdtscp, rdpid, fsrm, f16c, cet_ss
Processor Information for the first 16 processors :
  Max Mhz: 3100, Current Mhz: 3100, Mhz Limit: 3100

Memory: 4k page, system-wide physical 8010M (506M free)
TotalPageFile size 24394M (AvailPageFile size 274M)
current process WorkingSet (physical memory assigned to process): 148M, peak: 148M
current process commit charge ("private bytes"): 299M, peak: 301M

vm_info: OpenJDK 64-Bit Server VM (21.0.11+10-LTS) for windows-amd64 JRE (21.0.11+10-LTS), built on 2026-04-21T00:00:00Z by "admin" with MS VC++ 17.12 (VS2022)

END.
